::1 - - [28/Sep/2019:23:44:06 +0000] "GET /images/1569615756826-blob.png HTTP/1.1" 404 168 "http://localhost:8100/blog" "Mozilla/5.0 (Linux; Android 5.0; SM-G900P Build/LRX21T) AppleWebKit/537.36 (KHTML, like Gecko) Chrome/77.0.3865.90 Mobile Safari/537.36"
::1 - - [28/Sep/2019:23:44:06 +0000] "GET /images/1569615756826-blob.png HTTP/1.1" 404 168 "http://localhost:8100/blog" "Mozilla/5.0 (Linux; Android 5.0; SM-G900P Build/LRX21T) AppleWebKit/537.36 (KHTML, like Gecko) Chrome/77.0.3865.90 Mobile Safari/537.36"
::1 - - [28/Sep/2019:23:44:06 +0000] "GET /images/1569615709528-blob.png HTTP/1.1" 404 168 "http://localhost:8100/blog" "Mozilla/5.0 (Linux; Android 5.0; SM-G900P Build/LRX21T) AppleWebKit/537.36 (KHTML, like Gecko) Chrome/77.0.3865.90 Mobile Safari/537.36"
::1 - - [28/Sep/2019:23:44:06 +0000] "GET /images/1569615664812-blob.png HTTP/1.1" 404 168 "http://localhost:8100/blog" "Mozilla/5.0 (Linux; Android 5.0; SM-G900P Build/LRX21T) AppleWebKit/537.36 (KHTML, like Gecko) Chrome/77.0.3865.90 Mobile Safari/537.36"
::1 - - [28/Sep/2019:23:44:51 +0000] "GET /images/1569615314526-blob.png HTTP/1.1" 404 168 "http://localhost:8100/featured/tabs/stories" "Mozilla/5.0 (Linux; Android 5.0; SM-G900P Build/LRX21T) AppleWebKit/537.36 (KHTML, like Gecko) Chrome/77.0.3865.90 Mobile Safari/537.36"
::1 - - [28/Sep/2019:23:44:51 +0000] "GET /images/1569615383657-blob.png HTTP/1.1" 404 168 "http://localhost:8100/featured/tabs/stories" "Mozilla/5.0 (Linux; Android 5.0; SM-G900P Build/LRX21T) AppleWebKit/537.36 (KHTML, like Gecko) Chrome/77.0.3865.90 Mobile Safari/537.36"
::1 - - [28/Sep/2019:23:44:51 +0000] "GET /images/1569615429305-blob.png HTTP/1.1" 404 168 "http://localhost:8100/featured/tabs/stories" "Mozilla/5.0 (Linux; Android 5.0; SM-G900P Build/LRX21T) AppleWebKit/537.36 (KHTML, like Gecko) Chrome/77.0.3865.90 Mobile Safari/537.36"
::1 - - [28/Sep/2019:23:44:51 +0000] "GET /images/1569615275637-blob.png HTTP/1.1" 404 168 "http://localhost:8100/featured/tabs/stories" "Mozilla/5.0 (Linux; Android 5.0; SM-G900P Build/LRX21T) AppleWebKit/537.36 (KHTML, like Gecko) Chrome/77.0.3865.90 Mobile Safari/537.36"
::1 - - [28/Sep/2019:23:56:10 +0000] "GET /undefined HTTP/1.1" 404 148 "http://localhost:8100/featured/tabs/stories" "Mozilla/5.0 (Linux; Android 5.0; SM-G900P Build/LRX21T) AppleWebKit/537.36 (KHTML, like Gecko) Chrome/77.0.3865.90 Mobile Safari/537.36"
::1 - - [28/Sep/2019:23:56:10 +0000] "GET /images/1569615429305-blob.png HTTP/1.1" 404 168 "http://localhost:8100/featured/tabs/stories" "Mozilla/5.0 (Linux; Android 5.0; SM-G900P Build/LRX21T) AppleWebKit/537.36 (KHTML, like Gecko) Chrome/77.0.3865.90 Mobile Safari/537.36"
::1 - - [28/Sep/2019:23:56:10 +0000] "GET /images/1569615383657-blob.png HTTP/1.1" 404 168 "http://localhost:8100/featured/tabs/stories" "Mozilla/5.0 (Linux; Android 5.0; SM-G900P Build/LRX21T) AppleWebKit/537.36 (KHTML, like Gecko) Chrome/77.0.3865.90 Mobile Safari/537.36"
::1 - - [28/Sep/2019:23:56:10 +0000] "GET /images/1569615314526-blob.png HTTP/1.1" 404 168 "http://localhost:8100/featured/tabs/stories" "Mozilla/5.0 (Linux; Android 5.0; SM-G900P Build/LRX21T) AppleWebKit/537.36 (KHTML, like Gecko) Chrome/77.0.3865.90 Mobile Safari/537.36"
::1 - - [28/Sep/2019:23:58:26 +0000] "GET /images/1569615098649-blob.png HTTP/1.1" 404 168 "http://localhost:8100/featured/tabs/stories" "Mozilla/5.0 (Windows NT 10.0; Win64; x64) AppleWebKit/537.36 (KHTML, like Gecko) Chrome/77.0.3865.90 Safari/537.36"
::1 - - [28/Sep/2019:23:58:26 +0000] "GET /images/1569615146072-blob.png HTTP/1.1" 404 168 "http://localhost:8100/featured/tabs/stories" "Mozilla/5.0 (Windows NT 10.0; Win64; x64) AppleWebKit/537.36 (KHTML, like Gecko) Chrome/77.0.3865.90 Safari/537.36"
::1 - - [28/Sep/2019:23:58:26 +0000] "GET /images/1569615219213-blob.png HTTP/1.1" 404 168 "http://localhost:8100/featured/tabs/stories" "Mozilla/5.0 (Windows NT 10.0; Win64; x64) AppleWebKit/537.36 (KHTML, like Gecko) Chrome/77.0.3865.90 Safari/537.36"
::1 - - [28/Sep/2019:23:58:26 +0000] "GET /images/1569615249990-blob.png HTTP/1.1" 404 168 "http://localhost:8100/featured/tabs/stories" "Mozilla/5.0 (Windows NT 10.0; Win64; x64) AppleWebKit/537.36 (KHTML, like Gecko) Chrome/77.0.3865.90 Safari/537.36"
::1 - - [28/Sep/2019:23:58:26 +0000] "GET /images/1569615275637-blob.png HTTP/1.1" 404 168 "http://localhost:8100/featured/tabs/stories" "Mozilla/5.0 (Windows NT 10.0; Win64; x64) AppleWebKit/537.36 (KHTML, like Gecko) Chrome/77.0.3865.90 Safari/537.36"
::1 - - [28/Sep/2019:23:58:26 +0000] "GET /images/1569615189355-blob.png HTTP/1.1" 404 168 "http://localhost:8100/featured/tabs/stories" "Mozilla/5.0 (Windows NT 10.0; Win64; x64) AppleWebKit/537.36 (KHTML, like Gecko) Chrome/77.0.3865.90 Safari/537.36"
::1 - - [28/Sep/2019:23:58:33 +0000] "GET /undefined HTTP/1.1" 404 148 "http://localhost:8100/featured/tabs/stories/story-detail/5d8ff31a4066e328401370a0" "Mozilla/5.0 (Linux; Android 5.0; SM-G900P Build/LRX21T) AppleWebKit/537.36 (KHTML, like Gecko) Chrome/77.0.3865.90 Mobile Safari/537.36"
::1 - - [28/Sep/2019:23:58:36 +0000] "GET /images/1569615429305-blob.png HTTP/1.1" 404 168 "http://localhost:8100/featured/tabs/stories" "Mozilla/5.0 (Linux; Android 5.0; SM-G900P Build/LRX21T) AppleWebKit/537.36 (KHTML, like Gecko) Chrome/77.0.3865.90 Mobile Safari/537.36"
::1 - - [28/Sep/2019:23:58:36 +0000] "GET /images/1569615275637-blob.png HTTP/1.1" 404 168 "http://localhost:8100/featured/tabs/stories" "Mozilla/5.0 (Linux; Android 5.0; SM-G900P Build/LRX21T) AppleWebKit/537.36 (KHTML, like Gecko) Chrome/77.0.3865.90 Mobile Safari/537.36"
::1 - - [28/Sep/2019:23:58:36 +0000] "GET /images/1569615314526-blob.png HTTP/1.1" 404 168 "http://localhost:8100/featured/tabs/stories" "Mozilla/5.0 (Linux; Android 5.0; SM-G900P Build/LRX21T) AppleWebKit/537.36 (KHTML, like Gecko) Chrome/77.0.3865.90 Mobile Safari/537.36"
::1 - - [28/Sep/2019:23:58:36 +0000] "GET /images/1569615383657-blob.png HTTP/1.1" 404 168 "http://localhost:8100/featured/tabs/stories" "Mozilla/5.0 (Linux; Android 5.0; SM-G900P Build/LRX21T) AppleWebKit/537.36 (KHTML, like Gecko) Chrome/77.0.3865.90 Mobile Safari/537.36"
::1 - - [28/Sep/2019:23:59:13 +0000] "GET /undefined HTTP/1.1" 404 148 "http://localhost:8100/featured/tabs/stories" "Mozilla/5.0 (Linux; Android 5.0; SM-G900P Build/LRX21T) AppleWebKit/537.36 (KHTML, like Gecko) Chrome/77.0.3865.90 Mobile Safari/537.36"
::1 - - [28/Sep/2019:23:59:13 +0000] "GET /images/1569615429305-blob.png HTTP/1.1" 404 168 "http://localhost:8100/featured/tabs/stories" "Mozilla/5.0 (Linux; Android 5.0; SM-G900P Build/LRX21T) AppleWebKit/537.36 (KHTML, like Gecko) Chrome/77.0.3865.90 Mobile Safari/537.36"
::1 - - [28/Sep/2019:23:59:13 +0000] "GET /images/1569615314526-blob.png HTTP/1.1" 404 168 "http://localhost:8100/featured/tabs/stories" "Mozilla/5.0 (Linux; Android 5.0; SM-G900P Build/LRX21T) AppleWebKit/537.36 (KHTML, like Gecko) Chrome/77.0.3865.90 Mobile Safari/537.36"
::1 - - [28/Sep/2019:23:59:13 +0000] "GET /images/1569615383657-blob.png HTTP/1.1" 404 168 "http://localhost:8100/featured/tabs/stories" "Mozilla/5.0 (Linux; Android 5.0; SM-G900P Build/LRX21T) AppleWebKit/537.36 (KHTML, like Gecko) Chrome/77.0.3865.90 Mobile Safari/537.36"
::1 - - [29/Sep/2019:17:42:48 +0000] "GET /images/1569615756826-blob.png HTTP/1.1" 404 168 "http://localhost:8100/blog" "Mozilla/5.0 (Linux; Android 5.0; SM-G900P Build/LRX21T) AppleWebKit/537.36 (KHTML, like Gecko) Chrome/77.0.3865.90 Mobile Safari/537.36"
::1 - - [29/Sep/2019:17:42:48 +0000] "GET /images/1569615664812-blob.png HTTP/1.1" 404 168 "http://localhost:8100/blog" "Mozilla/5.0 (Linux; Android 5.0; SM-G900P Build/LRX21T) AppleWebKit/537.36 (KHTML, like Gecko) Chrome/77.0.3865.90 Mobile Safari/537.36"
::1 - - [29/Sep/2019:17:42:48 +0000] "GET /images/1569615709528-blob.png HTTP/1.1" 404 168 "http://localhost:8100/blog" "Mozilla/5.0 (Linux; Android 5.0; SM-G900P Build/LRX21T) AppleWebKit/537.36 (KHTML, like Gecko) Chrome/77.0.3865.90 Mobile Safari/537.36"
::1 - - [29/Sep/2019:17:42:58 +0000] "GET /images/1569615756826-blob.png HTTP/1.1" 404 168 "http://localhost:8100/blog" "Mozilla/5.0 (Linux; Android 5.0; SM-G900P Build/LRX21T) AppleWebKit/537.36 (KHTML, like Gecko) Chrome/77.0.3865.90 Mobile Safari/537.36"
::1 - - [29/Sep/2019:17:42:58 +0000] "GET /images/1569615664812-blob.png HTTP/1.1" 404 168 "http://localhost:8100/blog" "Mozilla/5.0 (Linux; Android 5.0; SM-G900P Build/LRX21T) AppleWebKit/537.36 (KHTML, like Gecko) Chrome/77.0.3865.90 Mobile Safari/537.36"
::1 - - [29/Sep/2019:17:42:58 +0000] "GET /images/1569615709528-blob.png HTTP/1.1" 404 168 "http://localhost:8100/blog" "Mozilla/5.0 (Linux; Android 5.0; SM-G900P Build/LRX21T) AppleWebKit/537.36 (KHTML, like Gecko) Chrome/77.0.3865.90 Mobile Safari/537.36"
::1 - - [29/Sep/2019:17:43:20 +0000] "GET /undefined HTTP/1.1" 404 148 "http://localhost:8100/featured/tabs/stories" "Mozilla/5.0 (Linux; Android 5.0; SM-G900P Build/LRX21T) AppleWebKit/537.36 (KHTML, like Gecko) Chrome/77.0.3865.90 Mobile Safari/537.36"
::1 - - [29/Sep/2019:17:43:20 +0000] "GET /images/1569615314526-blob.png HTTP/1.1" 404 168 "http://localhost:8100/featured/tabs/stories" "Mozilla/5.0 (Linux; Android 5.0; SM-G900P Build/LRX21T) AppleWebKit/537.36 (KHTML, like Gecko) Chrome/77.0.3865.90 Mobile Safari/537.36"
::1 - - [29/Sep/2019:17:43:20 +0000] "GET /images/1569615383657-blob.png HTTP/1.1" 404 168 "http://localhost:8100/featured/tabs/stories" "Mozilla/5.0 (Linux; Android 5.0; SM-G900P Build/LRX21T) AppleWebKit/537.36 (KHTML, like Gecko) Chrome/77.0.3865.90 Mobile Safari/537.36"
::1 - - [29/Sep/2019:17:43:20 +0000] "GET /images/1569615429305-blob.png HTTP/1.1" 404 168 "http://localhost:8100/featured/tabs/stories" "Mozilla/5.0 (Linux; Android 5.0; SM-G900P Build/LRX21T) AppleWebKit/537.36 (KHTML, like Gecko) Chrome/77.0.3865.90 Mobile Safari/537.36"
::1 - - [29/Sep/2019:17:44:02 +0000] "GET /images/1569615429305-blob.png HTTP/1.1" 404 168 "http://localhost:8100/featured/tabs/stories" "Mozilla/5.0 (Linux; Android 5.0; SM-G900P Build/LRX21T) AppleWebKit/537.36 (KHTML, like Gecko) Chrome/77.0.3865.90 Mobile Safari/537.36"
::1 - - [29/Sep/2019:17:44:02 +0000] "GET /undefined HTTP/1.1" 404 148 "http://localhost:8100/featured/tabs/stories" "Mozilla/5.0 (Linux; Android 5.0; SM-G900P Build/LRX21T) AppleWebKit/537.36 (KHTML, like Gecko) Chrome/77.0.3865.90 Mobile Safari/537.36"
::1 - - [29/Sep/2019:17:44:02 +0000] "GET /images/1569615383657-blob.png HTTP/1.1" 404 168 "http://localhost:8100/featured/tabs/stories" "Mozilla/5.0 (Linux; Android 5.0; SM-G900P Build/LRX21T) AppleWebKit/537.36 (KHTML, like Gecko) Chrome/77.0.3865.90 Mobile Safari/537.36"
::1 - - [29/Sep/2019:18:43:10 +0000] "GET /undefined HTTP/1.1" 404 148 "http://localhost:8100/featured/tabs/stories" "Mozilla/5.0 (Linux; Android 5.0; SM-G900P Build/LRX21T) AppleWebKit/537.36 (KHTML, like Gecko) Chrome/77.0.3865.90 Mobile Safari/537.36"
::1 - - [29/Sep/2019:18:43:10 +0000] "GET /images/1569615383657-blob.png HTTP/1.1" 404 168 "http://localhost:8100/featured/tabs/stories" "Mozilla/5.0 (Linux; Android 5.0; SM-G900P Build/LRX21T) AppleWebKit/537.36 (KHTML, like Gecko) Chrome/77.0.3865.90 Mobile Safari/537.36"
::1 - - [29/Sep/2019:18:43:10 +0000] "GET /images/1569615429305-blob.png HTTP/1.1" 404 168 "http://localhost:8100/featured/tabs/stories" "Mozilla/5.0 (Linux; Android 5.0; SM-G900P Build/LRX21T) AppleWebKit/537.36 (KHTML, like Gecko) Chrome/77.0.3865.90 Mobile Safari/537.36"
::1 - - [29/Sep/2019:18:43:42 +0000] "GET /undefined HTTP/1.1" 404 148 "http://localhost:8100/featured/tabs/stories" "Mozilla/5.0 (Linux; Android 5.0; SM-G900P Build/LRX21T) AppleWebKit/537.36 (KHTML, like Gecko) Chrome/77.0.3865.90 Mobile Safari/537.36"
::1 - - [29/Sep/2019:18:43:42 +0000] "GET /images/1569615429305-blob.png HTTP/1.1" 404 168 "http://localhost:8100/featured/tabs/stories" "Mozilla/5.0 (Linux; Android 5.0; SM-G900P Build/LRX21T) AppleWebKit/537.36 (KHTML, like Gecko) Chrome/77.0.3865.90 Mobile Safari/537.36"
::1 - - [29/Sep/2019:19:16:35 +0000] "POST /post-image HTTP/1.1" 404 150 "-" "PostmanRuntime/7.16.3"
::1 - - [29/Sep/2019:20:26:06 +0000] "GET /images/1569615756826-blob.png HTTP/1.1" 404 168 "http://localhost:8100/blog" "Mozilla/5.0 (Linux; Android 5.0; SM-G900P Build/LRX21T) AppleWebKit/537.36 (KHTML, like Gecko) Chrome/77.0.3865.90 Mobile Safari/537.36"
::1 - - [29/Sep/2019:20:26:06 +0000] "GET /images/1569615709528-blob.png HTTP/1.1" 404 168 "http://localhost:8100/blog" "Mozilla/5.0 (Linux; Android 5.0; SM-G900P Build/LRX21T) AppleWebKit/537.36 (KHTML, like Gecko) Chrome/77.0.3865.90 Mobile Safari/537.36"
::1 - - [29/Sep/2019:20:26:06 +0000] "GET /images/1569615664812-blob.png HTTP/1.1" 404 168 "http://localhost:8100/blog" "Mozilla/5.0 (Linux; Android 5.0; SM-G900P Build/LRX21T) AppleWebKit/537.36 (KHTML, like Gecko) Chrome/77.0.3865.90 Mobile Safari/537.36"
::1 - - [29/Sep/2019:21:56:36 +0000] "GET /images/1569788974918-blob.png HTTP/1.1" 404 168 "http://localhost:8100/featured/tabs/stories" "Mozilla/5.0 (Linux; Android 5.0; SM-G900P Build/LRX21T) AppleWebKit/537.36 (KHTML, like Gecko) Chrome/77.0.3865.90 Mobile Safari/537.36"
::1 - - [29/Sep/2019:21:56:36 +0000] "GET /images/1569788940049-blob.png HTTP/1.1" 404 168 "http://localhost:8100/featured/tabs/stories" "Mozilla/5.0 (Linux; Android 5.0; SM-G900P Build/LRX21T) AppleWebKit/537.36 (KHTML, like Gecko) Chrome/77.0.3865.90 Mobile Safari/537.36"
::1 - - [29/Sep/2019:21:56:36 +0000] "GET /images/1569789034814-blob.png HTTP/1.1" 404 168 "http://localhost:8100/featured/tabs/stories" "Mozilla/5.0 (Linux; Android 5.0; SM-G900P Build/LRX21T) AppleWebKit/537.36 (KHTML, like Gecko) Chrome/77.0.3865.90 Mobile Safari/537.36"
::1 - - [29/Sep/2019:21:56:36 +0000] "GET /images/1569789001496-blob.png HTTP/1.1" 404 168 "http://localhost:8100/featured/tabs/stories" "Mozilla/5.0 (Linux; Android 5.0; SM-G900P Build/LRX21T) AppleWebKit/537.36 (KHTML, like Gecko) Chrome/77.0.3865.90 Mobile Safari/537.36"
::1 - - [29/Sep/2019:21:57:30 +0000] "GET /images/1569789034814-blob.png HTTP/1.1" 404 168 "http://localhost:8100/featured/tabs/stories" "Mozilla/5.0 (Linux; Android 5.0; SM-G900P Build/LRX21T) AppleWebKit/537.36 (KHTML, like Gecko) Chrome/77.0.3865.90 Mobile Safari/537.36"
::1 - - [29/Sep/2019:21:57:30 +0000] "GET /images/1569788940049-blob.png HTTP/1.1" 404 168 "http://localhost:8100/featured/tabs/stories" "Mozilla/5.0 (Linux; Android 5.0; SM-G900P Build/LRX21T) AppleWebKit/537.36 (KHTML, like Gecko) Chrome/77.0.3865.90 Mobile Safari/537.36"
::1 - - [29/Sep/2019:21:57:30 +0000] "GET /images/1569789001496-blob.png HTTP/1.1" 404 168 "http://localhost:8100/featured/tabs/stories" "Mozilla/5.0 (Linux; Android 5.0; SM-G900P Build/LRX21T) AppleWebKit/537.36 (KHTML, like Gecko) Chrome/77.0.3865.90 Mobile Safari/537.36"
::1 - - [29/Sep/2019:21:57:30 +0000] "GET /images/1569788974918-blob.png HTTP/1.1" 404 168 "http://localhost:8100/featured/tabs/stories" "Mozilla/5.0 (Linux; Android 5.0; SM-G900P Build/LRX21T) AppleWebKit/537.36 (KHTML, like Gecko) Chrome/77.0.3865.90 Mobile Safari/537.36"
::1 - - [29/Sep/2019:21:57:35 +0000] "GET /images/1569789034814-blob.png HTTP/1.1" 404 168 "http://localhost:8100/featured/tabs/stories/story-detail/5d91146b69523e00046b83f6" "Mozilla/5.0 (Linux; Android 5.0; SM-G900P Build/LRX21T) AppleWebKit/537.36 (KHTML, like Gecko) Chrome/77.0.3865.90 Mobile Safari/537.36"
::1 - - [29/Sep/2019:21:57:38 +0000] "GET /images/1569789034814-blob.png HTTP/1.1" 404 168 "http://localhost:8100/featured/tabs/stories/edit-story/5d91146b69523e00046b83f6" "Mozilla/5.0 (Linux; Android 5.0; SM-G900P Build/LRX21T) AppleWebKit/537.36 (KHTML, like Gecko) Chrome/77.0.3865.90 Mobile Safari/537.36"
::1 - - [29/Sep/2019:22:11:29 +0000] "PUT /post-image HTTP/1.1" 404 149 "-" "PostmanRuntime/7.16.3"
::1 - - [29/Sep/2019:22:51:06 +0000] "GET /images/1569789034814-blob.png HTTP/1.1" 404 168 "http://localhost:8100/featured/tabs/stories" "Mozilla/5.0 (Linux; Android 5.0; SM-G900P Build/LRX21T) AppleWebKit/537.36 (KHTML, like Gecko) Chrome/77.0.3865.90 Mobile Safari/537.36"
::1 - - [29/Sep/2019:22:51:06 +0000] "GET /images/1569789034814-blob.png HTTP/1.1" 404 168 "http://localhost:8100/featured/tabs/stories" "Mozilla/5.0 (Linux; Android 5.0; SM-G900P Build/LRX21T) AppleWebKit/537.36 (KHTML, like Gecko) Chrome/77.0.3865.90 Mobile Safari/537.36"
::1 - - [29/Sep/2019:22:51:06 +0000] "GET /images/1569789001496-blob.png HTTP/1.1" 404 168 "http://localhost:8100/featured/tabs/stories" "Mozilla/5.0 (Linux; Android 5.0; SM-G900P Build/LRX21T) AppleWebKit/537.36 (KHTML, like Gecko) Chrome/77.0.3865.90 Mobile Safari/537.36"
::1 - - [29/Sep/2019:22:51:06 +0000] "GET /images/1569788940049-blob.png HTTP/1.1" 404 168 "http://localhost:8100/featured/tabs/stories" "Mozilla/5.0 (Linux; Android 5.0; SM-G900P Build/LRX21T) AppleWebKit/537.36 (KHTML, like Gecko) Chrome/77.0.3865.90 Mobile Safari/537.36"
::1 - - [29/Sep/2019:22:51:06 +0000] "GET /images/1569788974918-blob.png HTTP/1.1" 404 168 "http://localhost:8100/featured/tabs/stories" "Mozilla/5.0 (Linux; Android 5.0; SM-G900P Build/LRX21T) AppleWebKit/537.36 (KHTML, like Gecko) Chrome/77.0.3865.90 Mobile Safari/537.36"
::1 - - [29/Sep/2019:22:51:10 +0000] "GET /images/1569789001496-blob.png HTTP/1.1" 404 168 "http://localhost:8100/featured/tabs/stories" "Mozilla/5.0 (Linux; Android 5.0; SM-G900P Build/LRX21T) AppleWebKit/537.36 (KHTML, like Gecko) Chrome/77.0.3865.90 Mobile Safari/537.36"
::1 - - [29/Sep/2019:22:51:10 +0000] "GET /images/1569788974918-blob.png HTTP/1.1" 404 168 "http://localhost:8100/featured/tabs/stories" "Mozilla/5.0 (Linux; Android 5.0; SM-G900P Build/LRX21T) AppleWebKit/537.36 (KHTML, like Gecko) Chrome/77.0.3865.90 Mobile Safari/537.36"
::1 - - [29/Sep/2019:22:51:10 +0000] "GET /images/1569789034814-blob.png HTTP/1.1" 404 168 "http://localhost:8100/featured/tabs/stories" "Mozilla/5.0 (Linux; Android 5.0; SM-G900P Build/LRX21T) AppleWebKit/537.36 (KHTML, like Gecko) Chrome/77.0.3865.90 Mobile Safari/537.36"
::1 - - [29/Sep/2019:22:51:10 +0000] "GET /images/1569788940049-blob.png HTTP/1.1" 404 168 "http://localhost:8100/featured/tabs/stories" "Mozilla/5.0 (Linux; Android 5.0; SM-G900P Build/LRX21T) AppleWebKit/537.36 (KHTML, like Gecko) Chrome/77.0.3865.90 Mobile Safari/537.36"
::1 - - [29/Sep/2019:22:53:53 +0000] "GET /images/1569789001496-blob.png HTTP/1.1" 404 168 "http://localhost:8100/featured/tabs/stories" "Mozilla/5.0 (Linux; Android 5.0; SM-G900P Build/LRX21T) AppleWebKit/537.36 (KHTML, like Gecko) Chrome/77.0.3865.90 Mobile Safari/537.36"
::1 - - [29/Sep/2019:22:53:53 +0000] "GET /images/1569788974918-blob.png HTTP/1.1" 404 168 "http://localhost:8100/featured/tabs/stories" "Mozilla/5.0 (Linux; Android 5.0; SM-G900P Build/LRX21T) AppleWebKit/537.36 (KHTML, like Gecko) Chrome/77.0.3865.90 Mobile Safari/537.36"
::1 - - [29/Sep/2019:22:53:53 +0000] "GET /images/1569789034814-blob.png HTTP/1.1" 404 168 "http://localhost:8100/featured/tabs/stories" "Mozilla/5.0 (Linux; Android 5.0; SM-G900P Build/LRX21T) AppleWebKit/537.36 (KHTML, like Gecko) Chrome/77.0.3865.90 Mobile Safari/537.36"
::1 - - [29/Sep/2019:22:53:53 +0000] "GET /images/1569788940049-blob.png HTTP/1.1" 404 168 "http://localhost:8100/featured/tabs/stories" "Mozilla/5.0 (Linux; Android 5.0; SM-G900P Build/LRX21T) AppleWebKit/537.36 (KHTML, like Gecko) Chrome/77.0.3865.90 Mobile Safari/537.36"
::1 - - [30/Sep/2019:00:21:24 +0000] "GET /images/1569788974918-blob.png HTTP/1.1" 404 168 "http://localhost:8100/featured/tabs/stories" "Mozilla/5.0 (Linux; Android 5.0; SM-G900P Build/LRX21T) AppleWebKit/537.36 (KHTML, like Gecko) Chrome/77.0.3865.90 Mobile Safari/537.36"
::1 - - [30/Sep/2019:00:21:24 +0000] "GET /undefined HTTP/1.1" 404 148 "http://localhost:8100/featured/tabs/stories" "Mozilla/5.0 (Linux; Android 5.0; SM-G900P Build/LRX21T) AppleWebKit/537.36 (KHTML, like Gecko) Chrome/77.0.3865.90 Mobile Safari/537.36"
::1 - - [30/Sep/2019:00:21:24 +0000] "GET /images/1569789034814-blob.png HTTP/1.1" 404 168 "http://localhost:8100/featured/tabs/stories" "Mozilla/5.0 (Linux; Android 5.0; SM-G900P Build/LRX21T) AppleWebKit/537.36 (KHTML, like Gecko) Chrome/77.0.3865.90 Mobile Safari/537.36"
::1 - - [30/Sep/2019:00:21:24 +0000] "GET /images/1569789001496-blob.png HTTP/1.1" 404 168 "http://localhost:8100/featured/tabs/stories" "Mozilla/5.0 (Linux; Android 5.0; SM-G900P Build/LRX21T) AppleWebKit/537.36 (KHTML, like Gecko) Chrome/77.0.3865.90 Mobile Safari/537.36"
::1 - - [30/Sep/2019:00:27:19 +0000] "GET /images/1569789592323-blob.png HTTP/1.1" 404 168 "http://localhost:8100/blog" "Mozilla/5.0 (Linux; Android 5.0; SM-G900P Build/LRX21T) AppleWebKit/537.36 (KHTML, like Gecko) Chrome/77.0.3865.90 Mobile Safari/537.36"
::1 - - [30/Sep/2019:00:27:19 +0000] "GET /images/1569789540626-blob.png HTTP/1.1" 404 168 "http://localhost:8100/blog" "Mozilla/5.0 (Linux; Android 5.0; SM-G900P Build/LRX21T) AppleWebKit/537.36 (KHTML, like Gecko) Chrome/77.0.3865.90 Mobile Safari/537.36"
::1 - - [30/Sep/2019:00:27:19 +0000] "GET /images/1569789506466-blob.png HTTP/1.1" 404 168 "http://localhost:8100/blog" "Mozilla/5.0 (Linux; Android 5.0; SM-G900P Build/LRX21T) AppleWebKit/537.36 (KHTML, like Gecko) Chrome/77.0.3865.90 Mobile Safari/537.36"
::1 - - [30/Sep/2019:00:27:19 +0000] "GET /images/1569789540758-blob.png HTTP/1.1" 404 168 "http://localhost:8100/blog" "Mozilla/5.0 (Linux; Android 5.0; SM-G900P Build/LRX21T) AppleWebKit/537.36 (KHTML, like Gecko) Chrome/77.0.3865.90 Mobile Safari/537.36"
::1 - - [30/Sep/2019:00:27:25 +0000] "GET /images/1569789540758-blob.png HTTP/1.1" 404 168 "http://localhost:8100/blog" "Mozilla/5.0 (Linux; Android 5.0; SM-G900P Build/LRX21T) AppleWebKit/537.36 (KHTML, like Gecko) Chrome/77.0.3865.90 Mobile Safari/537.36"
::1 - - [30/Sep/2019:00:27:25 +0000] "GET /images/1569789592323-blob.png HTTP/1.1" 404 168 "http://localhost:8100/blog" "Mozilla/5.0 (Linux; Android 5.0; SM-G900P Build/LRX21T) AppleWebKit/537.36 (KHTML, like Gecko) Chrome/77.0.3865.90 Mobile Safari/537.36"
::1 - - [30/Sep/2019:00:27:25 +0000] "GET /images/1569789506466-blob.png HTTP/1.1" 404 168 "http://localhost:8100/blog" "Mozilla/5.0 (Linux; Android 5.0; SM-G900P Build/LRX21T) AppleWebKit/537.36 (KHTML, like Gecko) Chrome/77.0.3865.90 Mobile Safari/537.36"
::1 - - [30/Sep/2019:00:27:25 +0000] "GET /images/1569789540626-blob.png HTTP/1.1" 404 168 "http://localhost:8100/blog" "Mozilla/5.0 (Linux; Android 5.0; SM-G900P Build/LRX21T) AppleWebKit/537.36 (KHTML, like Gecko) Chrome/77.0.3865.90 Mobile Safari/537.36"
::1 - - [30/Sep/2019:00:27:25 +0000] "GET /images/1569789506466-blob.png HTTP/1.1" 404 168 "http://localhost:8100/blog" "Mozilla/5.0 (Linux; Android 5.0; SM-G900P Build/LRX21T) AppleWebKit/537.36 (KHTML, like Gecko) Chrome/77.0.3865.90 Mobile Safari/537.36"
::1 - - [30/Sep/2019:00:27:25 +0000] "GET /images/1569789592323-blob.png HTTP/1.1" 404 168 "http://localhost:8100/blog" "Mozilla/5.0 (Linux; Android 5.0; SM-G900P Build/LRX21T) AppleWebKit/537.36 (KHTML, like Gecko) Chrome/77.0.3865.90 Mobile Safari/537.36"
::1 - - [30/Sep/2019:00:27:25 +0000] "GET /images/1569789540758-blob.png HTTP/1.1" 404 168 "http://localhost:8100/blog" "Mozilla/5.0 (Linux; Android 5.0; SM-G900P Build/LRX21T) AppleWebKit/537.36 (KHTML, like Gecko) Chrome/77.0.3865.90 Mobile Safari/537.36"
::1 - - [30/Sep/2019:00:27:25 +0000] "GET /images/1569789540626-blob.png HTTP/1.1" 404 168 "http://localhost:8100/blog" "Mozilla/5.0 (Linux; Android 5.0; SM-G900P Build/LRX21T) AppleWebKit/537.36 (KHTML, like Gecko) Chrome/77.0.3865.90 Mobile Safari/537.36"
::1 - - [30/Sep/2019:00:28:04 +0000] "GET /images/1569789592323-blob.png HTTP/1.1" 404 168 "http://localhost:8100/blog" "Mozilla/5.0 (Linux; Android 5.0; SM-G900P Build/LRX21T) AppleWebKit/537.36 (KHTML, like Gecko) Chrome/77.0.3865.90 Mobile Safari/537.36"
::1 - - [30/Sep/2019:00:28:04 +0000] "GET /images/1569789540626-blob.png HTTP/1.1" 404 168 "http://localhost:8100/blog" "Mozilla/5.0 (Linux; Android 5.0; SM-G900P Build/LRX21T) AppleWebKit/537.36 (KHTML, like Gecko) Chrome/77.0.3865.90 Mobile Safari/537.36"
::1 - - [30/Sep/2019:00:28:04 +0000] "GET /images/1569789506466-blob.png HTTP/1.1" 404 168 "http://localhost:8100/blog" "Mozilla/5.0 (Linux; Android 5.0; SM-G900P Build/LRX21T) AppleWebKit/537.36 (KHTML, like Gecko) Chrome/77.0.3865.90 Mobile Safari/537.36"
::1 - - [30/Sep/2019:00:28:04 +0000] "GET /images/1569789540758-blob.png HTTP/1.1" 404 168 "http://localhost:8100/blog" "Mozilla/5.0 (Linux; Android 5.0; SM-G900P Build/LRX21T) AppleWebKit/537.36 (KHTML, like Gecko) Chrome/77.0.3865.90 Mobile Safari/537.36"
::1 - - [30/Sep/2019:00:28:04 +0000] "GET /images/1569789540626-blob.png HTTP/1.1" 404 168 "http://localhost:8100/blog" "Mozilla/5.0 (Linux; Android 5.0; SM-G900P Build/LRX21T) AppleWebKit/537.36 (KHTML, like Gecko) Chrome/77.0.3865.90 Mobile Safari/537.36"
::1 - - [30/Sep/2019:00:28:04 +0000] "GET /images/1569789506466-blob.png HTTP/1.1" 404 168 "http://localhost:8100/blog" "Mozilla/5.0 (Linux; Android 5.0; SM-G900P Build/LRX21T) AppleWebKit/537.36 (KHTML, like Gecko) Chrome/77.0.3865.90 Mobile Safari/537.36"
::1 - - [30/Sep/2019:00:28:04 +0000] "GET /images/1569789592323-blob.png HTTP/1.1" 404 168 "http://localhost:8100/blog" "Mozilla/5.0 (Linux; Android 5.0; SM-G900P Build/LRX21T) AppleWebKit/537.36 (KHTML, like Gecko) Chrome/77.0.3865.90 Mobile Safari/537.36"
::1 - - [30/Sep/2019:00:28:04 +0000] "GET /images/1569789540758-blob.png HTTP/1.1" 404 168 "http://localhost:8100/blog" "Mozilla/5.0 (Linux; Android 5.0; SM-G900P Build/LRX21T) AppleWebKit/537.36 (KHTML, like Gecko) Chrome/77.0.3865.90 Mobile Safari/537.36"
::1 - - [30/Sep/2019:00:31:51 +0000] "GET /images/1569789540626-blob.png HTTP/1.1" 404 168 "http://localhost:8100/blog" "Mozilla/5.0 (Linux; Android 5.0; SM-G900P Build/LRX21T) AppleWebKit/537.36 (KHTML, like Gecko) Chrome/77.0.3865.90 Mobile Safari/537.36"
::1 - - [30/Sep/2019:00:31:51 +0000] "GET /https://uknowimages.s3.amazonaws.com/undefined HTTP/1.1" 404 185 "http://localhost:8100/blog" "Mozilla/5.0 (Linux; Android 5.0; SM-G900P Build/LRX21T) AppleWebKit/537.36 (KHTML, like Gecko) Chrome/77.0.3865.90 Mobile Safari/537.36"
::1 - - [30/Sep/2019:00:31:51 +0000] "GET /images/1569789540758-blob.png HTTP/1.1" 404 168 "http://localhost:8100/blog" "Mozilla/5.0 (Linux; Android 5.0; SM-G900P Build/LRX21T) AppleWebKit/537.36 (KHTML, like Gecko) Chrome/77.0.3865.90 Mobile Safari/537.36"
::1 - - [30/Sep/2019:00:31:51 +0000] "GET /images/1569789592323-blob.png HTTP/1.1" 404 168 "http://localhost:8100/blog" "Mozilla/5.0 (Linux; Android 5.0; SM-G900P Build/LRX21T) AppleWebKit/537.36 (KHTML, like Gecko) Chrome/77.0.3865.90 Mobile Safari/537.36"
::1 - - [30/Sep/2019:00:35:38 +0000] "GET /https://uknowimages.s3.amazonaws.com/undefined HTTP/1.1" 404 185 "http://localhost:8100/blog/blog-detail/5d914cf71071c3317c90eea8" "Mozilla/5.0 (Linux; Android 5.0; SM-G900P Build/LRX21T) AppleWebKit/537.36 (KHTML, like Gecko) Chrome/77.0.3865.90 Mobile Safari/537.36"
::1 - - [30/Sep/2019:00:35:40 +0000] "GET /https://uknowimages.s3.amazonaws.com/undefined HTTP/1.1" 404 185 "http://localhost:8100/blog/blog-edit/5d914cf71071c3317c90eea8" "Mozilla/5.0 (Linux; Android 5.0; SM-G900P Build/LRX21T) AppleWebKit/537.36 (KHTML, like Gecko) Chrome/77.0.3865.90 Mobile Safari/537.36"
::1 - - [30/Sep/2019:00:35:51 +0000] "GET /https://uknowimages.s3.amazonaws.com/undefined HTTP/1.1" 404 185 "http://localhost:8100/blog" "Mozilla/5.0 (Linux; Android 5.0; SM-G900P Build/LRX21T) AppleWebKit/537.36 (KHTML, like Gecko) Chrome/77.0.3865.90 Mobile Safari/537.36"
::1 - - [30/Sep/2019:00:35:51 +0000] "GET /images/1569789540626-blob.png HTTP/1.1" 404 168 "http://localhost:8100/blog" "Mozilla/5.0 (Linux; Android 5.0; SM-G900P Build/LRX21T) AppleWebKit/537.36 (KHTML, like Gecko) Chrome/77.0.3865.90 Mobile Safari/537.36"
::1 - - [30/Sep/2019:00:35:51 +0000] "GET /images/1569789592323-blob.png HTTP/1.1" 404 168 "http://localhost:8100/blog" "Mozilla/5.0 (Linux; Android 5.0; SM-G900P Build/LRX21T) AppleWebKit/537.36 (KHTML, like Gecko) Chrome/77.0.3865.90 Mobile Safari/537.36"
::1 - - [30/Sep/2019:00:35:51 +0000] "GET /images/1569789540758-blob.png HTTP/1.1" 404 168 "http://localhost:8100/blog" "Mozilla/5.0 (Linux; Android 5.0; SM-G900P Build/LRX21T) AppleWebKit/537.36 (KHTML, like Gecko) Chrome/77.0.3865.90 Mobile Safari/537.36"
::1 - - [30/Sep/2019:00:42:13 +0000] "GET /images/1569789469406-blob.png HTTP/1.1" 404 168 "http://localhost:8100/blog" "Mozilla/5.0 (Linux; Android 5.0; SM-G900P Build/LRX21T) AppleWebKit/537.36 (KHTML, like Gecko) Chrome/77.0.3865.90 Mobile Safari/537.36"
::1 - - [30/Sep/2019:00:42:13 +0000] "GET /images/1569789506466-blob.png HTTP/1.1" 404 168 "http://localhost:8100/blog" "Mozilla/5.0 (Linux; Android 5.0; SM-G900P Build/LRX21T) AppleWebKit/537.36 (KHTML, like Gecko) Chrome/77.0.3865.90 Mobile Safari/537.36"
::1 - - [30/Sep/2019:00:42:17 +0000] "GET /https://uknowimages.s3.amazonaws.com/undefined HTTP/1.1" 404 185 "http://localhost:8100/blog/blog-detail/5d914cf71071c3317c90eea8" "Mozilla/5.0 (Linux; Android 5.0; SM-G900P Build/LRX21T) AppleWebKit/537.36 (KHTML, like Gecko) Chrome/77.0.3865.90 Mobile Safari/537.36"
::1 - - [30/Sep/2019:00:42:19 +0000] "GET /https://uknowimages.s3.amazonaws.com/undefined HTTP/1.1" 404 185 "http://localhost:8100/blog/blog-edit/5d914cf71071c3317c90eea8" "Mozilla/5.0 (Linux; Android 5.0; SM-G900P Build/LRX21T) AppleWebKit/537.36 (KHTML, like Gecko) Chrome/77.0.3865.90 Mobile Safari/537.36"
::1 - - [30/Sep/2019:00:42:34 +0000] "GET /images/1569789540626-blob.png HTTP/1.1" 404 168 "http://localhost:8100/blog" "Mozilla/5.0 (Linux; Android 5.0; SM-G900P Build/LRX21T) AppleWebKit/537.36 (KHTML, like Gecko) Chrome/77.0.3865.90 Mobile Safari/537.36"
::1 - - [30/Sep/2019:00:42:34 +0000] "GET /https://uknowimages.s3.amazonaws.com/1569804153934-blob.png HTTP/1.1" 404 198 "http://localhost:8100/blog" "Mozilla/5.0 (Linux; Android 5.0; SM-G900P Build/LRX21T) AppleWebKit/537.36 (KHTML, like Gecko) Chrome/77.0.3865.90 Mobile Safari/537.36"
::1 - - [30/Sep/2019:00:42:34 +0000] "GET /images/1569789540758-blob.png HTTP/1.1" 404 168 "http://localhost:8100/blog" "Mozilla/5.0 (Linux; Android 5.0; SM-G900P Build/LRX21T) AppleWebKit/537.36 (KHTML, like Gecko) Chrome/77.0.3865.90 Mobile Safari/537.36"
::1 - - [30/Sep/2019:00:42:34 +0000] "GET /images/1569789592323-blob.png HTTP/1.1" 404 168 "http://localhost:8100/blog" "Mozilla/5.0 (Linux; Android 5.0; SM-G900P Build/LRX21T) AppleWebKit/537.36 (KHTML, like Gecko) Chrome/77.0.3865.90 Mobile Safari/537.36"
::1 - - [30/Sep/2019:00:45:13 +0000] "GET /https://uknowimages.s3.amazonaws.com/1569804153934-blob.png HTTP/1.1" 404 198 "http://localhost:8100/blog" "Mozilla/5.0 (Linux; Android 5.0; SM-G900P Build/LRX21T) AppleWebKit/537.36 (KHTML, like Gecko) Chrome/77.0.3865.90 Mobile Safari/537.36"
::1 - - [30/Sep/2019:00:45:13 +0000] "GET /images/1569789540626-blob.png HTTP/1.1" 404 168 "http://localhost:8100/blog" "Mozilla/5.0 (Linux; Android 5.0; SM-G900P Build/LRX21T) AppleWebKit/537.36 (KHTML, like Gecko) Chrome/77.0.3865.90 Mobile Safari/537.36"
::1 - - [30/Sep/2019:00:45:13 +0000] "GET /images/1569789592323-blob.png HTTP/1.1" 404 168 "http://localhost:8100/blog" "Mozilla/5.0 (Linux; Android 5.0; SM-G900P Build/LRX21T) AppleWebKit/537.36 (KHTML, like Gecko) Chrome/77.0.3865.90 Mobile Safari/537.36"
::1 - - [30/Sep/2019:00:45:13 +0000] "GET /images/1569789540758-blob.png HTTP/1.1" 404 168 "http://localhost:8100/blog" "Mozilla/5.0 (Linux; Android 5.0; SM-G900P Build/LRX21T) AppleWebKit/537.36 (KHTML, like Gecko) Chrome/77.0.3865.90 Mobile Safari/537.36"
::1 - - [30/Sep/2019:00:45:18 +0000] "GET /images/1569789506466-blob.png HTTP/1.1" 404 168 "http://localhost:8100/blog" "Mozilla/5.0 (Linux; Android 5.0; SM-G900P Build/LRX21T) AppleWebKit/537.36 (KHTML, like Gecko) Chrome/77.0.3865.90 Mobile Safari/537.36"
::1 - - [30/Sep/2019:00:45:18 +0000] "GET /images/1569789469406-blob.png HTTP/1.1" 404 168 "http://localhost:8100/blog" "Mozilla/5.0 (Linux; Android 5.0; SM-G900P Build/LRX21T) AppleWebKit/537.36 (KHTML, like Gecko) Chrome/77.0.3865.90 Mobile Safari/537.36"
::1 - - [30/Sep/2019:00:45:18 +0000] "GET /images/1569789376755-blob.png HTTP/1.1" 404 168 "http://localhost:8100/blog" "Mozilla/5.0 (Linux; Android 5.0; SM-G900P Build/LRX21T) AppleWebKit/537.36 (KHTML, like Gecko) Chrome/77.0.3865.90 Mobile Safari/537.36"
::1 - - [30/Sep/2019:00:45:18 +0000] "GET /images/1569789432485-blob.png HTTP/1.1" 404 168 "http://localhost:8100/blog" "Mozilla/5.0 (Linux; Android 5.0; SM-G900P Build/LRX21T) AppleWebKit/537.36 (KHTML, like Gecko) Chrome/77.0.3865.90 Mobile Safari/537.36"
::1 - - [30/Sep/2019:00:45:25 +0000] "GET /https://uknowimages.s3.amazonaws.com/1569804153934-blob.png HTTP/1.1" 404 198 "http://localhost:8100/blog/blog-detail/5d914cf71071c3317c90eea8" "Mozilla/5.0 (Linux; Android 5.0; SM-G900P Build/LRX21T) AppleWebKit/537.36 (KHTML, like Gecko) Chrome/77.0.3865.90 Mobile Safari/537.36"
::1 - - [30/Sep/2019:00:45:29 +0000] "GET /https://uknowimages.s3.amazonaws.com/1569804153934-blob.png HTTP/1.1" 404 198 "http://localhost:8100/blog/blog-edit/5d914cf71071c3317c90eea8" "Mozilla/5.0 (Linux; Android 5.0; SM-G900P Build/LRX21T) AppleWebKit/537.36 (KHTML, like Gecko) Chrome/77.0.3865.90 Mobile Safari/537.36"
::1 - - [30/Sep/2019:00:45:39 +0000] "GET /https://uknowimages.s3.amazonaws.com/1569804338816-blob.png HTTP/1.1" 404 198 "http://localhost:8100/blog" "Mozilla/5.0 (Linux; Android 5.0; SM-G900P Build/LRX21T) AppleWebKit/537.36 (KHTML, like Gecko) Chrome/77.0.3865.90 Mobile Safari/537.36"
::1 - - [30/Sep/2019:00:45:39 +0000] "GET /images/1569789540758-blob.png HTTP/1.1" 404 168 "http://localhost:8100/blog" "Mozilla/5.0 (Linux; Android 5.0; SM-G900P Build/LRX21T) AppleWebKit/537.36 (KHTML, like Gecko) Chrome/77.0.3865.90 Mobile Safari/537.36"
::1 - - [30/Sep/2019:00:45:39 +0000] "GET /images/1569789540626-blob.png HTTP/1.1" 404 168 "http://localhost:8100/blog" "Mozilla/5.0 (Linux; Android 5.0; SM-G900P Build/LRX21T) AppleWebKit/537.36 (KHTML, like Gecko) Chrome/77.0.3865.90 Mobile Safari/537.36"
::1 - - [30/Sep/2019:00:45:39 +0000] "GET /images/1569789592323-blob.png HTTP/1.1" 404 168 "http://localhost:8100/blog" "Mozilla/5.0 (Linux; Android 5.0; SM-G900P Build/LRX21T) AppleWebKit/537.36 (KHTML, like Gecko) Chrome/77.0.3865.90 Mobile Safari/537.36"
::1 - - [30/Sep/2019:10:51:22 +0000] "GET /https://uknowimages.s3.amazonaws.com/1569804338816-blob.png HTTP/1.1" 404 198 "http://localhost:8100/blog" "Mozilla/5.0 (Linux; Android 5.0; SM-G900P Build/LRX21T) AppleWebKit/537.36 (KHTML, like Gecko) Chrome/77.0.3865.90 Mobile Safari/537.36"
::1 - - [30/Sep/2019:10:51:22 +0000] "GET /images/1569789540758-blob.png HTTP/1.1" 404 168 "http://localhost:8100/blog" "Mozilla/5.0 (Linux; Android 5.0; SM-G900P Build/LRX21T) AppleWebKit/537.36 (KHTML, like Gecko) Chrome/77.0.3865.90 Mobile Safari/537.36"
::1 - - [30/Sep/2019:10:51:22 +0000] "GET /images/1569789592323-blob.png HTTP/1.1" 404 168 "http://localhost:8100/blog" "Mozilla/5.0 (Linux; Android 5.0; SM-G900P Build/LRX21T) AppleWebKit/537.36 (KHTML, like Gecko) Chrome/77.0.3865.90 Mobile Safari/537.36"
::1 - - [30/Sep/2019:10:51:22 +0000] "GET /images/1569789540626-blob.png HTTP/1.1" 404 168 "http://localhost:8100/blog" "Mozilla/5.0 (Linux; Android 5.0; SM-G900P Build/LRX21T) AppleWebKit/537.36 (KHTML, like Gecko) Chrome/77.0.3865.90 Mobile Safari/537.36"
::1 - - [30/Sep/2019:10:51:24 +0000] "GET /https://uknowimages.s3.amazonaws.com/1569804338816-blob.png HTTP/1.1" 404 198 "http://localhost:8100/blog/blog-detail/5d914cf71071c3317c90eea8" "Mozilla/5.0 (Linux; Android 5.0; SM-G900P Build/LRX21T) AppleWebKit/537.36 (KHTML, like Gecko) Chrome/77.0.3865.90 Mobile Safari/537.36"
::1 - - [30/Sep/2019:10:51:26 +0000] "GET /https://uknowimages.s3.amazonaws.com/1569804338816-blob.png HTTP/1.1" 404 198 "http://localhost:8100/blog/blog-edit/5d914cf71071c3317c90eea8" "Mozilla/5.0 (Linux; Android 5.0; SM-G900P Build/LRX21T) AppleWebKit/537.36 (KHTML, like Gecko) Chrome/77.0.3865.90 Mobile Safari/537.36"
::1 - - [30/Sep/2019:10:51:34 +0000] "GET /https://uknowimages.s3.amazonaws.com/1569840694091-blob.png HTTP/1.1" 404 198 "http://localhost:8100/blog" "Mozilla/5.0 (Linux; Android 5.0; SM-G900P Build/LRX21T) AppleWebKit/537.36 (KHTML, like Gecko) Chrome/77.0.3865.90 Mobile Safari/537.36"
::1 - - [30/Sep/2019:10:51:34 +0000] "GET /images/1569789592323-blob.png HTTP/1.1" 404 168 "http://localhost:8100/blog" "Mozilla/5.0 (Linux; Android 5.0; SM-G900P Build/LRX21T) AppleWebKit/537.36 (KHTML, like Gecko) Chrome/77.0.3865.90 Mobile Safari/537.36"
::1 - - [30/Sep/2019:10:51:34 +0000] "GET /images/1569789540626-blob.png HTTP/1.1" 404 168 "http://localhost:8100/blog" "Mozilla/5.0 (Linux; Android 5.0; SM-G900P Build/LRX21T) AppleWebKit/537.36 (KHTML, like Gecko) Chrome/77.0.3865.90 Mobile Safari/537.36"
::1 - - [30/Sep/2019:10:51:34 +0000] "GET /images/1569789540758-blob.png HTTP/1.1" 404 168 "http://localhost:8100/blog" "Mozilla/5.0 (Linux; Android 5.0; SM-G900P Build/LRX21T) AppleWebKit/537.36 (KHTML, like Gecko) Chrome/77.0.3865.90 Mobile Safari/537.36"
::1 - - [30/Sep/2019:10:51:40 +0000] "GET /images/1569789592323-blob.png HTTP/1.1" 404 168 "http://localhost:8100/blog/blog-detail/5d91169869523e00046b8403" "Mozilla/5.0 (Linux; Android 5.0; SM-G900P Build/LRX21T) AppleWebKit/537.36 (KHTML, like Gecko) Chrome/77.0.3865.90 Mobile Safari/537.36"
::1 - - [30/Sep/2019:10:51:43 +0000] "GET /images/1569789592323-blob.png HTTP/1.1" 404 168 "http://localhost:8100/blog/blog-edit/5d91169869523e00046b8403" "Mozilla/5.0 (Linux; Android 5.0; SM-G900P Build/LRX21T) AppleWebKit/537.36 (KHTML, like Gecko) Chrome/77.0.3865.90 Mobile Safari/537.36"
::1 - - [30/Sep/2019:10:51:57 +0000] "GET /images/1569789540626-blob.png HTTP/1.1" 404 168 "http://localhost:8100/blog" "Mozilla/5.0 (Linux; Android 5.0; SM-G900P Build/LRX21T) AppleWebKit/537.36 (KHTML, like Gecko) Chrome/77.0.3865.90 Mobile Safari/537.36"
::1 - - [30/Sep/2019:10:51:57 +0000] "GET /https://uknowimages.s3.amazonaws.com/1569840717337-blob.png HTTP/1.1" 404 198 "http://localhost:8100/blog" "Mozilla/5.0 (Linux; Android 5.0; SM-G900P Build/LRX21T) AppleWebKit/537.36 (KHTML, like Gecko) Chrome/77.0.3865.90 Mobile Safari/537.36"
::1 - - [30/Sep/2019:10:51:57 +0000] "GET /https://uknowimages.s3.amazonaws.com/1569840694091-blob.png HTTP/1.1" 404 198 "http://localhost:8100/blog" "Mozilla/5.0 (Linux; Android 5.0; SM-G900P Build/LRX21T) AppleWebKit/537.36 (KHTML, like Gecko) Chrome/77.0.3865.90 Mobile Safari/537.36"
::1 - - [30/Sep/2019:10:51:57 +0000] "GET /images/1569789540758-blob.png HTTP/1.1" 404 168 "http://localhost:8100/blog" "Mozilla/5.0 (Linux; Android 5.0; SM-G900P Build/LRX21T) AppleWebKit/537.36 (KHTML, like Gecko) Chrome/77.0.3865.90 Mobile Safari/537.36"
::1 - - [30/Sep/2019:10:52:04 +0000] "GET /https://uknowimages.s3.amazonaws.com/1569840717337-blob.png HTTP/1.1" 404 198 "http://localhost:8100/blog" "Mozilla/5.0 (Linux; Android 5.0; SM-G900P Build/LRX21T) AppleWebKit/537.36 (KHTML, like Gecko) Chrome/77.0.3865.90 Mobile Safari/537.36"
::1 - - [30/Sep/2019:10:52:04 +0000] "GET /https://uknowimages.s3.amazonaws.com/1569840694091-blob.png HTTP/1.1" 404 198 "http://localhost:8100/blog" "Mozilla/5.0 (Linux; Android 5.0; SM-G900P Build/LRX21T) AppleWebKit/537.36 (KHTML, like Gecko) Chrome/77.0.3865.90 Mobile Safari/537.36"
::1 - - [30/Sep/2019:10:52:04 +0000] "GET /images/1569789540758-blob.png HTTP/1.1" 404 168 "http://localhost:8100/blog" "Mozilla/5.0 (Linux; Android 5.0; SM-G900P Build/LRX21T) AppleWebKit/537.36 (KHTML, like Gecko) Chrome/77.0.3865.90 Mobile Safari/537.36"
::1 - - [30/Sep/2019:10:52:04 +0000] "GET /images/1569789540626-blob.png HTTP/1.1" 404 168 "http://localhost:8100/blog" "Mozilla/5.0 (Linux; Android 5.0; SM-G900P Build/LRX21T) AppleWebKit/537.36 (KHTML, like Gecko) Chrome/77.0.3865.90 Mobile Safari/537.36"
::1 - - [30/Sep/2019:11:42:00 +0000] "GET /images/1569789341405-blob.png HTTP/1.1" 404 168 "http://localhost:8100/blog" "Mozilla/5.0 (Windows NT 10.0; Win64; x64) AppleWebKit/537.36 (KHTML, like Gecko) Chrome/77.0.3865.90 Safari/537.36"
::1 - - [30/Sep/2019:11:42:00 +0000] "GET /images/1569789469406-blob.png HTTP/1.1" 404 168 "http://localhost:8100/blog" "Mozilla/5.0 (Windows NT 10.0; Win64; x64) AppleWebKit/537.36 (KHTML, like Gecko) Chrome/77.0.3865.90 Safari/537.36"
::1 - - [30/Sep/2019:11:42:00 +0000] "GET /images/1569789376755-blob.png HTTP/1.1" 404 168 "http://localhost:8100/blog" "Mozilla/5.0 (Windows NT 10.0; Win64; x64) AppleWebKit/537.36 (KHTML, like Gecko) Chrome/77.0.3865.90 Safari/537.36"
::1 - - [30/Sep/2019:11:42:00 +0000] "GET /images/1569789310783-blob.png HTTP/1.1" 404 168 "http://localhost:8100/blog" "Mozilla/5.0 (Windows NT 10.0; Win64; x64) AppleWebKit/537.36 (KHTML, like Gecko) Chrome/77.0.3865.90 Safari/537.36"
::1 - - [30/Sep/2019:11:42:00 +0000] "GET /images/1569789432485-blob.png HTTP/1.1" 404 168 "http://localhost:8100/blog" "Mozilla/5.0 (Windows NT 10.0; Win64; x64) AppleWebKit/537.36 (KHTML, like Gecko) Chrome/77.0.3865.90 Safari/537.36"
::1 - - [30/Sep/2019:11:42:00 +0000] "GET /images/1569789506466-blob.png HTTP/1.1" 404 168 "http://localhost:8100/blog" "Mozilla/5.0 (Windows NT 10.0; Win64; x64) AppleWebKit/537.36 (KHTML, like Gecko) Chrome/77.0.3865.90 Safari/537.36"
::1 - - [08/Oct/2019:20:35:34 +0000] "GET /images/1569924709330-blob.png HTTP/1.1" 404 168 "http://localhost:8100/your-local" "Mozilla/5.0 (Linux; Android 5.0; SM-G900P Build/LRX21T) AppleWebKit/537.36 (KHTML, like Gecko) Chrome/77.0.3865.90 Mobile Safari/537.36"
::1 - - [08/Oct/2019:20:35:34 +0000] "GET /images/1569924461243-blob.png HTTP/1.1" 404 168 "http://localhost:8100/your-local" "Mozilla/5.0 (Linux; Android 5.0; SM-G900P Build/LRX21T) AppleWebKit/537.36 (KHTML, like Gecko) Chrome/77.0.3865.90 Mobile Safari/537.36"
::1 - - [08/Oct/2019:20:35:51 +0000] "GET /images/1569924461243-blob.png HTTP/1.1" 404 168 "http://localhost:8100/your-local" "Mozilla/5.0 (Linux; Android 5.0; SM-G900P Build/LRX21T) AppleWebKit/537.36 (KHTML, like Gecko) Chrome/77.0.3865.90 Mobile Safari/537.36"
::1 - - [08/Oct/2019:20:37:36 +0000] "GET /https://uknowimages.s3.amazonaws.com/1570567056106-blob.png HTTP/1.1" 404 198 "http://localhost:8100/your-local" "Mozilla/5.0 (Linux; Android 5.0; SM-G900P Build/LRX21T) AppleWebKit/537.36 (KHTML, like Gecko) Chrome/77.0.3865.90 Mobile Safari/537.36"
::1 - - [08/Oct/2019:20:38:02 +0000] "GET /https://uknowimages.s3.amazonaws.com/1570567056106-blob.png HTTP/1.1" 404 198 "http://localhost:8100/your-local" "Mozilla/5.0 (Linux; Android 5.0; SM-G900P Build/LRX21T) AppleWebKit/537.36 (KHTML, like Gecko) Chrome/77.0.3865.90 Mobile Safari/537.36"
::1 - - [08/Oct/2019:20:38:31 +0000] "GET /https://uknowimages.s3.amazonaws.com/1570567056106-blob.png HTTP/1.1" 404 198 "http://localhost:8100/your-local" "Mozilla/5.0 (Linux; Android 5.0; SM-G900P Build/LRX21T) AppleWebKit/537.36 (KHTML, like Gecko) Chrome/77.0.3865.90 Mobile Safari/537.36"
